
Showing logs for build [32mcb-kubecd-environment-pr-1455-1-jgpqk-1[0m stage [32mfrom-build-pack[0m and container [32mstep-credential-initializer-v4lmh[0m
{"level":"info","ts":1588670140.1059115,"logger":"fallback-logger","caller":"logging/config.go:69","msg":"Fetch GitHub commit ID from kodata failed: open /var/run/ko/refs/heads/0.8.0-ns-support: no such file or directory"}
{"level":"info","ts":1588670140.1067882,"logger":"fallback-logger","caller":"creds-init/main.go:40","msg":"Credentials initialized."}

Showing logs for build [32mcb-kubecd-environment-pr-1455-1-jgpqk-1[0m stage [32mfrom-build-pack[0m and container [32mstep-working-dir-initializer-fvrhq[0m
{"level":"info","ts":1588670141.138562,"logger":"fallback-logger","caller":"logging/config.go:69","msg":"Fetch GitHub commit ID from kodata failed: open /var/run/ko/HEAD: no such file or directory"}
{"level":"info","ts":1588670141.1400619,"logger":"fallback-logger","caller":"bash/main.go:64","msg":"Successfully executed command \"sh -c mkdir -p /workspace/source\"; output "}

Showing logs for build [32mcb-kubecd-environment-pr-1455-1-jgpqk-1[0m stage [32mfrom-build-pack[0m and container [32mstep-place-tools[0m

Showing logs for build [32mcb-kubecd-environment-pr-1455-1-jgpqk-1[0m stage [32mfrom-build-pack[0m and container [32mstep-git-source-cb-kubecd-environment-pr-1455-1-jgpqk-hgpzs[0m
{"level":"info","ts":1588670144.5846503,"logger":"fallback-logger","caller":"logging/config.go:69","msg":"Fetch GitHub commit ID from kodata failed: open /var/run/ko/refs/heads/0.8.0-ns-support: no such file or directory"}
{"level":"info","ts":1588670145.724252,"logger":"fallback-logger","caller":"git/git.go:103","msg":"Successfully cloned https://github.com/cb-kubecd/environment-pr-1455-108-bdd-frontend-staging.git @ master in path /workspace/source"}

Showing logs for build [32mcb-kubecd-environment-pr-1455-1-jgpqk-1[0m stage [32mfrom-build-pack[0m and container [32mstep-git-merge[0m
Using SHAs from PULL_REFS=master:6dd171f1aecfaa4f7bd25d1fda9036d304be90ed,1:4693a792cdb509b65b4f4057d8ff9babac16ab2c
DEBUG: LC_ALL=C JX_LOG_LEVEL=error git fetch origin --unshallow 4693a792cdb509b65b4f4057d8ff9babac16ab2c: 6dd171f1aecfaa4f7bd25d1fda9036d304be90ed:
DEBUG: ran git fetch --unshallow origin 4693a792cdb509b65b4f4057d8ff9babac16ab2c: 6dd171f1aecfaa4f7bd25d1fda9036d304be90ed: in 
DEBUG: LC_ALL=C JX_LOG_LEVEL=error git branch
DEBUG: LC_ALL=C JX_LOG_LEVEL=error git checkout master
DEBUG: ran git checkout master in 
DEBUG: LC_ALL=C JX_LOG_LEVEL=error git reset --hard 6dd171f1aecfaa4f7bd25d1fda9036d304be90ed
DEBUG: ran git reset --hard 6dd171f1aecfaa4f7bd25d1fda9036d304be90ed in 
DEBUG: LC_ALL=C JX_LOG_LEVEL=error git clean -fd .
DEBUG: ran clean --force -d . in 
DEBUG: LC_ALL=C JX_LOG_LEVEL=error git merge 4693a792cdb509b65b4f4057d8ff9babac16ab2c
DEBUG: ran git merge 4693a792cdb509b65b4f4057d8ff9babac16ab2c in 
DEBUG: LC_ALL=C JX_LOG_LEVEL=error git log --format=%H%x1f%an%x1f%ae%x1f%cn%x1f%ce%x1f%s%n%b%x1e 6dd171f1aecfaa4f7bd25d1fda9036d304be90ed..HEAD
Merged SHA 4693a792cdb509b65b4f4057d8ff9babac16ab2c with commit message 'chore: Promote bdd-nh-1588669076 to version 0.0.1' into base branch master

Showing logs for build [32mcb-kubecd-environment-pr-1455-1-jgpqk-1[0m stage [32mfrom-build-pack[0m and container [32mstep-build-helm-build[0m
WARNING: No $CHART_REPOSITORY defined so using the default value of: http://jenkins-x-chartmuseum:8080
Adding missing Helm repo: storage.googleapis.com https://storage.googleapis.com/chartmuseum.jenkins-x.io
WARNING: No secrets found on "helm/repos" due: reading the secret "helm/repos" from vault: no secret "helm/repos" not found in vault
Read credentials for https://storage.googleapis.com/chartmuseum.jenkins-x.io from vault helm/repos
Successfully added Helm repository storage.googleapis.com.
Adding missing Helm repo: jenkins-x-chartmuseum http://jenkins-x-chartmuseum:8080
WARNING: No secrets found on "helm/repos" due: reading the secret "helm/repos" from vault: no secret "helm/repos" not found in vault
Read credentials for http://jenkins-x-chartmuseum:8080 from vault helm/repos
Successfully added Helm repository jenkins-x-chartmuseum.
WARNING: No $CHART_REPOSITORY defined so using the default value of: http://jenkins-x-chartmuseum:8080
Adding missing Helm repo: chartmuseum.jenkins-x.io http://chartmuseum.jenkins-x.io
WARNING: No secrets found on "helm/repos" due: reading the secret "helm/repos" from vault: no secret "helm/repos" not found in vault
Read credentials for http://chartmuseum.jenkins-x.io from vault helm/repos
Successfully added Helm repository chartmuseum.jenkins-x.io.
